2019-01-09 11:28:35,302 - INFO - ###### TEST EXECUTION STARTED :: test_validate_connecting_medical_device_to_app ######
2019-01-09 11:28:36,171 - INFO - Element present with locator_properties: //android.widget.TextView[@text='NUM 1'] and locator_type: xpath
2019-01-09 11:28:36,818 - INFO - Element found with locator_properties: //android.widget.TextView[@text='NUM 1'] and locator_type: xpath
2019-01-09 11:28:36,885 - INFO - Clicked on the element with locator_properties: //android.widget.TextView[@text='NUM 1'] and locator_type: xpath
2019-01-09 11:28:37,566 - INFO - Element present with locator_properties: //android.widget.Button[@text='START SCAN'] and locator_type: xpath
2019-01-09 11:28:37,988 - INFO - Element found with locator_properties: //android.widget.Button[@text='START SCAN'] and locator_type: xpath
2019-01-09 11:28:38,051 - INFO - Clicked on the element with locator_properties: //android.widget.Button[@text='START SCAN'] and locator_type: xpath
2019-01-09 11:28:38,744 - INFO - Element present with locator_properties: //android.widget.Button[@text='STOP SCAN'] and locator_type: xpath
2019-01-09 11:28:39,047 - INFO - Element found with locator_properties: //android.widget.Button[@text='STOP SCAN'] and locator_type: xpath
2019-01-09 11:28:39,125 - INFO - Clicked on the element with locator_properties: //android.widget.Button[@text='STOP SCAN'] and locator_type: xpath
2019-01-09 11:28:49,526 - ERROR - Element not present with locator_properties: //android.widget.TextView[@text='meter+06647277 (10:CE:A9:3B:D7:57)'] and locator_type: xpath
2019-01-09 11:28:49,526 - ERROR - Unable to click on the element with locator_properties: //android.widget.TextView[@text='meter+06647277 (10:CE:A9:3B:D7:57)'] and locator_type: xpath
2019-01-09 11:28:49,733 - INFO - Element present with locator_properties: //android.widget.Button[@text='CONNECT'] and locator_type: xpath
2019-01-09 11:28:50,159 - INFO - Element found with locator_properties: //android.widget.Button[@text='CONNECT'] and locator_type: xpath
2019-01-09 11:28:50,222 - INFO - Clicked on the element with locator_properties: //android.widget.Button[@text='CONNECT'] and locator_type: xpath
2019-01-09 11:29:05,420 - INFO - Element present with locator_properties: //android.widget.Button[@text='RETRIEVE ALL'] and locator_type: xpath
2019-01-09 11:29:05,420 - INFO - ### VERIFICATION SUCCESSFUL :: connecting  medical device with app
2019-01-09 11:29:05,420 - INFO - ### connecting  medical device with app### TEST SUCCESSFUL
2019-01-09 11:29:05,482 - INFO - ###### TEST EXECUTION STARTED :: test_validate_start_scan_buttons ######
2019-01-09 11:29:05,738 - INFO - Element present with locator_properties: //android.widget.TextView[@text='NUM 2'] and locator_type: xpath
2019-01-09 11:29:05,979 - INFO - Element found with locator_properties: //android.widget.TextView[@text='NUM 2'] and locator_type: xpath
2019-01-09 11:29:06,037 - INFO - Clicked on the element with locator_properties: //android.widget.TextView[@text='NUM 2'] and locator_type: xpath
2019-01-09 11:29:06,946 - INFO - Element present with locator_properties: //android.widget.Button[@text='START SCAN'] and locator_type: xpath
2019-01-09 11:29:06,946 - INFO - ### VERIFICATION SUCCESSFUL :: Validate  startscan btnSuccessful
2019-01-09 11:29:06,947 - INFO - ### Validate  startscan btnSuccessful### TEST SUCCESSFUL
2019-01-09 11:29:06,969 - INFO - ###### TEST EXECUTION STARTED :: test_validate_stop_scan_buttons ######
2019-01-09 11:29:07,220 - INFO - Element present with locator_properties: //android.widget.Button[@text='STOP SCAN'] and locator_type: xpath
2019-01-09 11:29:07,221 - INFO - ### VERIFICATION SUCCESSFUL :: Validate  stopscan btn Successful
2019-01-09 11:29:07,221 - INFO - ### Validate  stopscan btn Successful### TEST SUCCESSFUL
2019-01-09 11:29:07,241 - INFO - ###### TEST EXECUTION STARTED :: test_validate_vertical_scroll_find_element ######
2019-01-09 11:29:10,507 - INFO - Vertically scrolling into the view.
2019-01-09 11:29:13,906 - INFO - Vertically scrolling into the view.
2019-01-09 11:29:19,126 - INFO - Element present with locator_properties: //android.widget.Button[@text='STOP SCAN'] and locator_type: xpath
2019-01-09 11:29:19,127 - INFO - ### VERIFICATION SUCCESSFUL :: Validate vertical scroll and find find element Successful
2019-01-09 11:29:19,128 - INFO - ### Validate vertical scroll and find find element Successful### TEST SUCCESSFUL
